D [2016-07-09 21:51:26.384] @AutoItExe: C:\Program Files (x86)\AutoIt3\AutoIt3.exe
D [2016-07-09 21:51:26.384] @ScriptFullPath: C:\Users\TOSHIBA\Documents\Roro-Titi\MyBot.run.au3
D [2016-07-09 21:51:26.384] @WorkingDir: C:\Users\TOSHIBA\Documents\Roro-Titi
D [2016-07-09 21:51:26.384] @AutoItPID: 1576
D [2016-07-09 21:51:26.414] DetectRunningAndroid()
D [2016-07-09 21:51:26.414] UpdateAndroidConfig("MEmu")
D [2016-07-09 21:51:26.414] InitAndroid(False): MEmu
L [2016-07-09 21:51:26.414] Serious error has occurred: Cannot find MEmu:
L [2016-07-09 21:51:26.424] C:\Program Files (x86)\Microvirt\MEmu\MEmu.exe
D [2016-07-09 21:51:26.424] InitAndroid(False): MEmu END, initialization successful = False
D [2016-07-09 21:51:26.424] UpdateAndroidConfig("MEmu") END
D [2016-07-09 21:51:26.424] UpdateAndroidConfig("droid4x")
D [2016-07-09 21:51:26.424] InitAndroid(False): Droid4X
L [2016-07-09 21:51:26.424] Serious error has occurred: Cannot find Droid4X:
L [2016-07-09 21:51:26.424] C:\Program Files (x86)\Droid4X\Droid4X.exe
D [2016-07-09 21:51:26.424] InitAndroid(False): Droid4X END, initialization successful = False
D [2016-07-09 21:51:26.424] UpdateAndroidConfig("droid4x") END
D [2016-07-09 21:51:26.424] UpdateAndroidConfig("nox")
D [2016-07-09 21:51:26.424] InitAndroid(False): Nox
L [2016-07-09 21:51:26.424] Serious error has occurred: Cannot find Nox file:
L [2016-07-09 21:51:26.424] Nox.exe
D [2016-07-09 21:51:26.424] InitAndroid(False): Nox END, initialization successful = False
D [2016-07-09 21:51:26.424] UpdateAndroidConfig("nox") END
D [2016-07-09 21:51:26.424] UpdateAndroidConfig("")
D [2016-07-09 21:51:26.424] InitAndroid(False): BlueStacks2
D [2016-07-09 21:51:26.424] BlueStacks2 Engine 'Plus'-Mode: False
D [2016-07-09 21:51:26.434] BlueStacks2 OEM Features: 
D [2016-07-09 21:51:26.434] BlueStacks2 System Bar is not available
D [2016-07-09 21:51:26.435] Searching BlueStacks2 Window: Title = 'BlueStacks ', Class = '[CLASS:BlueStacksApp; INSTANCE:1]', Text = '_ctl.Window'
D [2016-07-09 21:51:26.436] BlueStacks2 Window title 'BlueStacks App Player' not matching 'BlueStacks ' or control
D [2016-07-09 21:51:26.436] Found 1 possible BlueStacks2 windows by title 'BlueStacks ':
D [2016-07-09 21:51:26.436] 0x00011AF8: BlueStacks App Player
D [2016-07-09 21:51:26.446] ObjGet("winmgmts:\\.\root\cimv2")
D [2016-07-09 21:51:26.446] WMI Query: Select * from Win32_Process where ExecutablePath like "%C:\\Program Files (x86)\\BlueStacks\\HD-Frontend.exe%"
D [2016-07-09 21:51:26.514] 4188 = C:\Program Files (x86)\BlueStacks\HD-Frontend.exe ("C:\Program Files (x86)\BlueStacks\HD-Frontend.exe" Android)
D [2016-07-09 21:51:26.514] Found Process 4188 by CommandLine: C:\Program Files (x86)\BlueStacks\HD-Frontend.exe Android
D [2016-07-09 21:51:26.514] Found BlueStacks2 Window 'BlueStacks App Player' (0x00011AF8) by PID 4188 ('C:\Program Files (x86)\BlueStacks\HD-Frontend.exe Android')
L [2016-07-09 21:51:26.514] BlueStacks supported version 2 not found
D [2016-07-09 21:51:26.514] InitAndroid(False): BlueStacks2 END, initialization successful = False
D [2016-07-09 21:51:26.514] UpdateAndroidConfig("") END
D [2016-07-09 21:51:26.514] UpdateAndroidConfig("")
D [2016-07-09 21:51:26.514] InitAndroid(False): BlueStacks
D [2016-07-09 21:51:26.514] BlueStacks Engine 'Plus'-Mode: False
D [2016-07-09 21:51:26.514] BlueStacks OEM Features: 
D [2016-07-09 21:51:26.514] BlueStacks System Bar is not available
D [2016-07-09 21:51:26.524] Android: BlueStacks
D [2016-07-09 21:51:26.524] Android Config: 4
D [2016-07-09 21:51:26.524] Android Version: 0.9.24.5311
D [2016-07-09 21:51:26.524] Android Instance: 
D [2016-07-09 21:51:26.524] Android Window Title: BlueStacks App Player
D [2016-07-09 21:51:26.524] Android Program Path: C:\Program Files (x86)\BlueStacks\HD-Frontend.exe
D [2016-07-09 21:51:26.524] Android Program Parameter: Android
D [2016-07-09 21:51:26.524] Android ADB Path: C:\Program Files (x86)\BlueStacks\HD-Adb.exe
D [2016-07-09 21:51:26.524] Android ADB Device: emulator-5554
D [2016-07-09 21:51:26.524] Android ADB Shared Folder: /storage/sdcard/windows/BstSharedFolder/
D [2016-07-09 21:51:26.524] Android ADB Shared Folder on Host: C:\ProgramData\BlueStacks\UserData\SharedFolder\
D [2016-07-09 21:51:26.524] Android ADB Shared SubFolder: mybot.run\
D [2016-07-09 21:51:26.524] Android Mouse Device: BlueStacks Virtual Touch
D [2016-07-09 21:51:26.524] Android ADB screencap command enabled: False
D [2016-07-09 21:51:26.524] Android ADB input command enabled: True
D [2016-07-09 21:51:26.524] Android ADB Mouse Click enabled: False
D [2016-07-09 21:51:26.524] Android ADB Click Drag enabled: False
D [2016-07-09 21:51:26.524] InitAndroid(False): BlueStacks END, initialization successful = True
D [2016-07-09 21:51:26.524] UpdateAndroidConfig("") END
D [2016-07-09 21:51:26.524] InitAndroid(False): BlueStacks
D [2016-07-09 21:51:26.524] BlueStacks Engine 'Plus'-Mode: False
D [2016-07-09 21:51:26.524] BlueStacks OEM Features: 
D [2016-07-09 21:51:26.524] BlueStacks System Bar is available
D [2016-07-09 21:51:26.524] Android: BlueStacks
D [2016-07-09 21:51:26.524] Android Config: 4
D [2016-07-09 21:51:26.524] Android Version: 0.9.24.5311
D [2016-07-09 21:51:26.524] Android Instance: 
D [2016-07-09 21:51:26.524] Android Window Title: BlueStacks App Player
D [2016-07-09 21:51:26.534] Android Program Path: C:\Program Files (x86)\BlueStacks\HD-Frontend.exe
D [2016-07-09 21:51:26.534] Android Program Parameter: Android
D [2016-07-09 21:51:26.534] Android ADB Path: C:\Program Files (x86)\BlueStacks\HD-Adb.exe
D [2016-07-09 21:51:26.534] Android ADB Device: emulator-5554
D [2016-07-09 21:51:26.534] Android ADB Shared Folder: /storage/sdcard/windows/BstSharedFolder/
D [2016-07-09 21:51:26.534] Android ADB Shared Folder on Host: C:\ProgramData\BlueStacks\UserData\SharedFolder\
D [2016-07-09 21:51:26.534] Android ADB Shared SubFolder: mybot.run\
D [2016-07-09 21:51:26.534] Android Mouse Device: BlueStacks Virtual Touch
D [2016-07-09 21:51:26.534] Android ADB screencap command enabled: False
D [2016-07-09 21:51:26.534] Android ADB input command enabled: True
D [2016-07-09 21:51:26.534] Android ADB Mouse Click enabled: False
D [2016-07-09 21:51:26.534] Android ADB Click Drag enabled: False
D [2016-07-09 21:51:26.534] InitAndroid(False): BlueStacks END, initialization successful = True
D [2016-07-09 21:51:26.534] Found running BlueStacks 0.9.24.5311
D [2016-07-09 21:51:26.534] My Bot is the only running instance
D [2016-07-09 21:51:29.857] Read Building Config C:\Users\TOSHIBA\Documents\Roro-Titi\Profiles\MyVillage\building.ini
D [2016-07-09 21:51:29.877] Read Config C:\Users\TOSHIBA\Documents\Roro-Titi\Profiles\MyVillage\config.ini
D [2016-07-09 21:51:29.959] Apply Config
D [2016-07-09 21:51:30.073] Redraw MyBot Window
L [2016-07-09 21:51:33.527] Found running BlueStacks 0.9.24.5311
L [2016-07-09 21:51:33.532] Android Emulator Configuration: BlueStacks
L [2016-07-09 21:51:33.537]  Warning!! Display size smaller than recommended = 1366x768 +
L [2016-07-09 21:51:33.542] +++ MBR will attempt to auto adjust Emulator size +++
L [2016-07-09 21:51:33.543] ++++ Make sure task bar isn't covering Emulator +++++
L [2016-07-09 21:51:33.553] ++++++ Search MyBot.run forums if any problems ++++++
L [2016-07-09 21:51:33.553] +++++++++++ Click "Start Bot" to proceed ++++++++++++
L [2016-07-09 21:51:33.563]  
L [2016-07-09 21:51:34.729] WELCOME CHIEF, YOU HAVE THE LATEST VERSION OF THE BOT
L [2016-07-09 21:51:34.729]  
L [2016-07-09 21:51:34.739] Fully working with May update
L [2016-07-09 21:51:34.739] New GUI and lots of new features
L [2016-07-09 21:51:34.749] For more information, go to 
L [2016-07-09 21:51:34.749] https://mybot.run
L [2016-07-09 21:51:34.759] 
L [2016-07-09 21:51:34.769]  Always free and open source.
L [2016-07-09 21:51:34.769]  
L [2016-07-09 21:51:34.769] ================================================
L [2016-07-09 21:51:34.779]  
L [2016-07-09 21:51:34.789]           Welcome to the RoroTiti & Moebius14's MOD v0.4 !
L [2016-07-09 21:51:34.789]  
L [2016-07-09 21:51:34.799] ================================================
L [2016-07-09 21:51:34.799]  
D [2016-07-09 21:51:34.809] MyBot.run launch time 8438 ms.
L [2016-07-09 21:51:34.809] Number of active CoC accounts is: 3 account(s).
L [2016-07-09 21:51:34.819] Account botting order is: 1|2|1
L [2016-07-09 21:51:41.665] Closing My Bot v6.1.4 RoroTiti and Moebius14 MOD v0.4 (BlueStacks) ...
D [2016-07-09 21:51:41.685] Save Config C:\Users\TOSHIBA\Documents\Roro-Titi\Profiles\MyVillage\config.ini
D [2016-07-09 21:51:43.651] Save Building Config C:\Users\TOSHIBA\Documents\Roro-Titi\Profiles\MyVillage\building.ini
